# JRE version: OpenJDK Runtime Environment (8.0_242-b01) (build 1.8.0_242-release-1644-b01)
# Java VM: OpenJDK 64-Bit Server VM (25.242-b01 mixed mode windows-amd64 compressed oops)
Heap:
 PSYoungGen      total 257536K, used 205505K [0x00000000d5580000, 0x00000000e6b00000, 0x0000000100000000)
  eden space 235520K, 79% used [0x00000000d5580000,0x00000000e0d5e238,0x00000000e3b80000)
  from space 22016K, 78% used [0x00000000e5280000,0x00000000e6352568,0x00000000e6800000)
  to   space 23552K, 0% used [0x00000000e3b80000,0x00000000e3b80000,0x00000000e5280000)
 ParOldGen       total 91648K, used 53845K [0x0000000080000000, 0x0000000085980000, 0x00000000d5580000)
  object space 91648K, 58% used [0x0000000080000000,0x0000000083495590,0x0000000085980000)
 Metaspace       used 85282K, capacity 89384K, committed 89520K, reserved 1126400K
  class space    used 11629K, capacity 12451K, committed 12464K, reserved 1048576K
GC Heap History (10 events):
Event: 13.480 GC heap before
{Heap before GC invocations=13 (full 2):
 PSYoungGen      total 173056K, used 161280K [0x00000000d5580000, 0x00000000e0d80000, 0x0000000100000000)
  eden space 161280K, 100% used [0x00000000d5580000,0x00000000df300000,0x00000000df300000)
  from space 11776K, 0% used [0x00000000dff80000,0x00000000dff80000,0x00000000e0b00000)
  to   space 12800K, 0% used [0x00000000df300000,0x00000000df300000,0x00000000dff80000)
 ParOldGen       total 55808K, used 16619K [0x0000000080000000, 0x0000000083680000, 0x00000000d5580000)
  object space 55808K, 29% used [0x0000000080000000,0x000000008103ac28,0x0000000083680000)
 Metaspace       used 49389K, capacity 50902K, committed 51120K, reserved 1093632K
  class space    used 6609K, capacity 6968K, committed 7088K, reserved 1048576K
Event: 13.508 GC heap after
Heap after GC invocations=13 (full 2):
 PSYoungGen      total 174080K, used 12770K [0x00000000d5580000, 0x00000000e3b00000, 0x0000000100000000)
  eden space 161280K, 0% used [0x00000000d5580000,0x00000000d5580000,0x00000000df300000)
  from space 12800K, 99% used [0x00000000df300000,0x00000000dff78b08,0x00000000dff80000)
  to   space 17408K, 0% used [0x00000000e2a00000,0x00000000e2a00000,0x00000000e3b00000)
 ParOldGen       total 55808K, used 23843K [0x0000000080000000, 0x0000000083680000, 0x00000000d5580000)
  object space 55808K, 42% used [0x0000000080000000,0x0000000081748e10,0x0000000083680000)
 Metaspace       used 49389K, capacity 50902K, committed 51120K, reserved 1093632K
  class space    used 6609K, capacity 6968K, committed 7088K, reserved 1048576K
}
Event: 15.622 GC heap before
{Heap before GC invocations=14 (full 2):
 PSYoungGen      total 174080K, used 118305K [0x00000000d5580000, 0x00000000e3b00000, 0x0000000100000000)
  eden space 161280K, 65% used [0x00000000d5580000,0x00000000dbc8fba0,0x00000000df300000)
  from space 12800K, 99% used [0x00000000df300000,0x00000000dff78b08,0x00000000dff80000)
  to   space 17408K, 0% used [0x00000000e2a00000,0x00000000e2a00000,0x00000000e3b00000)
 ParOldGen       total 55808K, used 23843K [0x0000000080000000, 0x0000000083680000, 0x00000000d5580000)
  object space 55808K, 42% used [0x0000000080000000,0x0000000081748e10,0x0000000083680000)
 Metaspace       used 56996K, capacity 59030K, committed 59160K, reserved 1099776K
  class space    used 7806K, capacity 8272K, committed 8368K, reserved 1048576K
Event: 15.660 GC heap after
Heap after GC invocations=14 (full 2):
 PSYoungGen      total 217088K, used 11390K [0x00000000d5580000, 0x00000000e3e00000, 0x0000000100000000)
  eden space 199680K, 0% used [0x00000000d5580000,0x00000000d5580000,0x00000000e1880000)
  from space 17408K, 65% used [0x00000000e2a00000,0x00000000e351f910,0x00000000e3b00000)
  to   space 17920K, 0% used [0x00000000e1880000,0x00000000e1880000,0x00000000e2a00000)
 ParOldGen       total 55808K, used 33869K [0x0000000080000000, 0x0000000083680000, 0x00000000d5580000)
  object space 55808K, 60% used [0x0000000080000000,0x0000000082113570,0x0000000083680000)
 Metaspace       used 56996K, capacity 59030K, committed 59160K, reserved 1099776K
  class space    used 7806K, capacity 8272K, committed 8368K, reserved 1048576K
}
Event: 15.660 GC heap before
{Heap before GC invocations=15 (full 3):
 PSYoungGen      total 217088K, used 11390K [0x00000000d5580000, 0x00000000e3e00000, 0x0000000100000000)
  eden space 199680K, 0% used [0x00000000d5580000,0x00000000d5580000,0x00000000e1880000)
  from space 17408K, 65% used [0x00000000e2a00000,0x00000000e351f910,0x00000000e3b00000)
  to   space 17920K, 0% used [0x00000000e1880000,0x00000000e1880000,0x00000000e2a00000)
 ParOldGen       total 55808K, used 33869K [0x0000000080000000, 0x0000000083680000, 0x00000000d5580000)
  object space 55808K, 60% used [0x0000000080000000,0x0000000082113570,0x0000000083680000)
 Metaspace       used 56996K, capacity 59030K, committed 59160K, reserved 1099776K
  class space    used 7806K, capacity 8272K, committed 8368K, reserved 1048576K
Event: 15.928 GC heap after
Heap after GC invocations=15 (full 3):
 PSYoungGen      total 217088K, used 0K [0x00000000d5580000, 0x00000000e3e00000, 0x0000000100000000)
  eden space 199680K, 0% used [0x00000000d5580000,0x00000000d5580000,0x00000000e1880000)
  from space 17408K, 0% used [0x00000000e2a00000,0x00000000e2a00000,0x00000000e3b00000)
  to   space 17920K, 0% used [0x00000000e1880000,0x00000000e1880000,0x00000000e2a00000)
 ParOldGen       total 91648K, used 33421K [0x0000000080000000, 0x0000000085980000, 0x00000000d5580000)
  object space 91648K, 36% used [0x0000000080000000,0x00000000820a35d0,0x0000000085980000)
 Metaspace       used 56987K, capacity 59000K, committed 59160K, reserved 1099776K
  class space    used 7803K, capacity 8267K, committed 8368K, reserved 1048576K
}
Event: 20.718 GC heap before
{Heap before GC invocations=16 (full 3):
 PSYoungGen      total 217088K, used 199680K [0x00000000d5580000, 0x00000000e3e00000, 0x0000000100000000)
  eden space 199680K, 100% used [0x00000000d5580000,0x00000000e1880000,0x00000000e1880000)
  from space 17408K, 0% used [0x00000000e2a00000,0x00000000e2a00000,0x00000000e3b00000)
  to   space 17920K, 0% used [0x00000000e1880000,0x00000000e1880000,0x00000000e2a00000)
 ParOldGen       total 91648K, used 33421K [0x0000000080000000, 0x0000000085980000, 0x00000000d5580000)
  object space 91648K, 36% used [0x0000000080000000,0x00000000820a35d0,0x0000000085980000)
 Metaspace       used 65989K, capacity 68892K, committed 69168K, reserved 1107968K
  class space    used 9064K, capacity 9685K, committed 9776K, reserved 1048576K
Event: 20.756 GC heap after
Heap after GC invocations=16 (full 3):
 PSYoungGen      total 217600K, used 17908K [0x00000000d5580000, 0x00000000e6800000, 0x0000000100000000)
  eden space 199680K, 0% used [0x00000000d5580000,0x00000000d5580000,0x00000000e1880000)
  from space 17920K, 99% used [0x00000000e1880000,0x00000000e29fd250,0x00000000e2a00000)
  to   space 22016K, 0% used [0x00000000e5280000,0x00000000e5280000,0x00000000e6800000)
 ParOldGen       total 91648K, used 37362K [0x0000000080000000, 0x0000000085980000, 0x00000000d5580000)
  object space 91648K, 40% used [0x0000000080000000,0x000000008247cbe0,0x0000000085980000)
 Metaspace       used 65989K, capacity 68892K, committed 69168K, reserved 1107968K
  class space    used 9064K, capacity 9685K, committed 9776K, reserved 1048576K
}
Event: 24.446 GC heap before
{Heap before GC invocations=17 (full 3):
 PSYoungGen      total 217600K, used 217588K [0x00000000d5580000, 0x00000000e6800000, 0x0000000100000000)
  eden space 199680K, 100% used [0x00000000d5580000,0x00000000e1880000,0x00000000e1880000)
  from space 17920K, 99% used [0x00000000e1880000,0x00000000e29fd250,0x00000000e2a00000)
  to   space 22016K, 0% used [0x00000000e5280000,0x00000000e5280000,0x00000000e6800000)
 ParOldGen       total 91648K, used 37362K [0x0000000080000000, 0x0000000085980000, 0x00000000d5580000)
  object space 91648K, 40% used [0x0000000080000000,0x000000008247cbe0,0x0000000085980000)
 Metaspace       used 78852K, capacity 82728K, committed 82864K, reserved 1120256K
  class space    used 10943K, capacity 11689K, committed 11696K, reserved 1048576K
Event: 24.493 GC heap after
Heap after GC invocations=17 (full 3):
 PSYoungGen      total 257536K, used 17225K [0x00000000d5580000, 0x00000000e6b00000, 0x0000000100000000)
  eden space 235520K, 0% used [0x00000000d5580000,0x00000000d5580000,0x00000000e3b80000)
  from space 22016K, 78% used [0x00000000e5280000,0x00000000e6352568,0x00000000e6800000)
  to   space 23552K, 0% used [0x00000000e3b80000,0x00000000e3b80000,0x00000000e5280000)
 ParOldGen       total 91648K, used 53845K [0x0000000080000000, 0x0000000085980000, 0x00000000d5580000)
  object space 91648K, 58% used [0x0000000080000000,0x0000000083495590,0x0000000085980000)
 Metaspace       used 78852K, capacity 82728K, committed 82864K, reserved 1120256K
  class space    used 10943K, capacity 11689K, committed 11696K, reserved 1048576K
}

